<?xml version="1.0" encoding="UTF-8"?>
<!-- Generated by org.testng.reporters.JUnitXMLReporter -->
<testsuite ignored="0" hostname="LAPTOP-E06RK7S2" failures="1" tests="1" name="DSAlgoTest" time="3.855" errors="0" timestamp="2022-08-15T16:12:53 EDT">
  <testcase classname="com.dsalgo.testCases.RegisterTestCase" name="Registerpagetest" time="3.546">
    <failure type="java.lang.AssertionError" message="expected [Logged in successfully] but found [Logged out successfully]">
      <![CDATA[java.lang.AssertionError: expected [Logged in successfully] but found [Logged out successfully]
at com.dsalgo.testCases.RegisterTestCase.Registerpagetest(RegisterTestCase.java:45)
at java.base/java.util.ArrayList.forEach(ArrayList.java:1511)
... Removed 33 stack frames]]>
    </failure>
  </testcase> <!-- Registerpagetest -->
</testsuite> <!-- DSAlgoTest -->
